TN:
SF:/home/ms/Training_Gtest_1/test/src/c_div.cpp
FN:9,_ZN10Test_c_div5SetUpEv
FN:14,_ZN10Test_c_div8TearDownEv
FN:22,_ZN29Test_c_div_Test_c_div_id_Test8TestBodyEv
FN:22,_ZN29Test_c_div_Test_c_div_id_Test13AddToRegistryEv
FN:22,_ZN29Test_c_div_Test_c_div_id_TestC2Ev
FN:40,_ZL37gtest_prefixTest_c_div_EvalGenerator_v
FN:40,_ZL40gtest_prefixTest_c_div_EvalGenerateName_RKN7testing13TestParamInfoI26TEST_template_params_c_divEE
FNDA:1,_ZL37gtest_prefixTest_c_div_EvalGenerator_v
FNDA:4,_ZN29Test_c_div_Test_c_div_id_TestC2Ev
FNDA:4,_ZL40gtest_prefixTest_c_div_EvalGenerateName_RKN7testing13TestParamInfoI26TEST_template_params_c_divEE
FNDA:4,_ZN10Test_c_div5SetUpEv
FNDA:1,_ZN29Test_c_div_Test_c_div_id_Test13AddToRegistryEv
FNDA:4,_ZN29Test_c_div_Test_c_div_id_Test8TestBodyEv
FNDA:4,_ZN10Test_c_div8TearDownEv
FNF:7
FNH:7
DA:9,4
DA:11,4
DA:12,4
DA:14,4
DA:16,4
DA:17,4
DA:18,4
DA:22,9
DA:24,4
DA:25,4
DA:27,1
DA:31,3
DA:33,4
DA:34,4
DA:36,1
DA:38,4
DA:40,6
LF:17
LH:17
end_of_record
TN:
SF:/home/ms/Training_Gtest_1/test/test_main.cpp
FN:17,main
FNDA:1,main
FNF:1
FNH:1
DA:17,1
DA:19,1
DA:20,1
LF:3
LH:3
end_of_record
